Warning: You are sending unauthenticated requests to the HF Hub. Please set a HF_TOKEN to enable higher rate limits and faster downloads.
[transformers] `torch_dtype` is deprecated! Use `dtype` instead!
Fetching 2 files:   0%|          | 0/2 [00:00<?, ?it/s]Fetching 2 files:  50%|█████     | 1/2 [00:17<00:17, 17.33s/it]Fetching 2 files: 100%|██████████| 2/2 [00:17<00:00,  8.67s/it]
Loading weights:   0%|          | 0/291 [00:00<?, ?it/s]Loading weights:  90%|█████████ | 263/291 [00:00<00:00, 2628.04it/s]Loading weights: 100%|██████████| 291/291 [00:00<00:00, 2703.46it/s]
probe: one Jacobian at L15 (un-swallowed) ...
/usr/local/lib/python3.11/dist-packages/torch/autograd/graph.py:823: UserWarning: Attempting to run cuBLAS, but there was no current CUDA context! Attempting to set the primary context... (Triggered internally at /pytorch/aten/src/ATen/cuda/CublasHandlePool.cpp:180.)
  return Variable._execution_engine.run_backward(  # Calls into the C++ engine to run the backward pass
  probe OK: J_15 is (4096, 4096), seq_len=128, n_valid=111
fitting Jacobian lens on 600 wikitext prompts ...
      50 prompts  mean_rel_change=0.016591
     100 prompts  mean_rel_change=0.009042
     150 prompts  mean_rel_change=0.006841
     200 prompts  mean_rel_change=0.004342
     250 prompts  mean_rel_change=0.004120
     300 prompts  mean_rel_change=0.003204
     350 prompts  mean_rel_change=0.003010
     400 prompts  mean_rel_change=0.002165
     450 prompts  mean_rel_change=0.001923
  converged at 497 prompts (mean_rel_change=0.001639 < 0.002 for 10 consecutive)
  lens fit: converged=True, layers=[15]
  J-space subspace at L15: 2065 dims of 4096

  J-space alignment (fraction of steering direction inside the workspace):
    f30939  anchor (paper's feature) align=0.750
    f3114   candidate                align=0.775
    f10126  candidate                align=0.868
    f20402  candidate                align=0.817
    f5993   matched control          align=0.735
    f22600  matched control          align=0.771
    f26919  matched control          align=0.724

    SAE population           mean=0.728 (5/50/95: 0.650/0.729/0.803)
    random Gaussian floor    mean=0.710

    conversational features: mean align=0.803
    matched controls:        mean align=0.743

  VERDICT:
    Conversational features are ABOVE the SAE population -- IN the workspace.
    => hypothesis WRONG. The feature is workspace-aligned; the damage must come
       from something other than off-workspace injection. Revise.

  wrote results/steering/jspace_tier0.json
